Using pre-set license
Built from '2021.3/staging' branch; Version is '2021.3.1f1 (3b70a0754835) revision 3895456'; Using compiler version '192829333'; Build Type 'Release'
OS: 'Windows 10  (10.0.19044) 64bit Professional' Language: 'en' Physical Memory: 49059 MB
BatchMode: 1, IsHumanControllingUs: 0, StartBugReporterOnCrash: 0, Is64bit: 1, IsPro: 1

COMMAND LINE ARGUMENTS:
C:\Program Files\Unity\Hub\Editor\2021.3.1f1\Editor\Unity.exe
-adb2
-batchMode
-noUpm
-name
AssetImportWorker0
-projectPath
Z:/Alpha/Outscal/BT
-logFile
Logs/AssetImportWorker0.log
-srvPort
62090
Successfully changed project path to: Z:/Alpha/Outscal/BT
Z:/Alpha/Outscal/BT
[UnityMemory] Configuration Parameters - Can be set up in boot.config
    "memorysetup-bucket-allocator-granularity=16"
    "memorysetup-bucket-allocator-bucket-count=8"
    "memorysetup-bucket-allocator-block-size=33554432"
    "memorysetup-bucket-allocator-block-count=8"
    "memorysetup-main-allocator-block-size=16777216"
    "memorysetup-thread-allocator-block-size=16777216"
    "memorysetup-gfx-main-allocator-block-size=16777216"
    "memorysetup-gfx-thread-allocator-block-size=16777216"
    "memorysetup-cache-allocator-block-size=4194304"
    "memorysetup-typetree-allocator-block-size=2097152"
    "memorysetup-profiler-bucket-allocator-granularity=16"
    "memorysetup-profiler-bucket-allocator-bucket-count=8"
    "memorysetup-profiler-bucket-allocator-block-size=33554432"
    "memorysetup-profiler-bucket-allocator-block-count=8"
    "memorysetup-profiler-allocator-block-size=16777216"
    "memorysetup-profiler-editor-allocator-block-size=1048576"
    "memorysetup-temp-allocator-size-main=16777216"
    "memorysetup-job-temp-allocator-block-size=2097152"
    "memorysetup-job-temp-allocator-block-size-background=1048576"
    "memorysetup-job-temp-allocator-reduction-small-platforms=262144"
    "memorysetup-temp-allocator-size-background-worker=32768"
    "memorysetup-temp-allocator-size-job-worker=262144"
    "memorysetup-temp-allocator-size-preload-manager=33554432"
    "memorysetup-temp-allocator-size-nav-mesh-worker=65536"
    "memorysetup-temp-allocator-size-audio-worker=65536"
    "memorysetup-temp-allocator-size-cloud-worker=32768"
    "memorysetup-temp-allocator-size-gi-baking-worker=262144"
    "memorysetup-temp-allocator-size-gfx=262144"
Refreshing native plugins compatible for Editor in 52.19 ms, found 2 plugins.
Preloading 0 native plugins for Editor in 0.00 ms.
Initialize engine version: 2021.3.1f1 (3b70a0754835)
[Subsystems] Discovering subsystems at path C:/Program Files/Unity/Hub/Editor/2021.3.1f1/Editor/Data/Resources/UnitySubsystems
[Subsystems] Discovering subsystems at path Z:/Alpha/Outscal/BT/Assets
GfxDevice: creating device client; threaded=0; jobified=0
Direct3D:
    Version:  Direct3D 11.0 [level 11.1]
    Renderer: NVIDIA GeForce GTX 1650 (ID=0x1f82)
    Vendor:   NVIDIA
    VRAM:     3962 MB
    Driver:   30.0.15.1215
Initialize mono
Mono path[0] = 'C:/Program Files/Unity/Hub/Editor/2021.3.1f1/Editor/Data/Managed'
Mono path[1] = 'C:/Program Files/Unity/Hub/Editor/2021.3.1f1/Editor/Data/MonoBleedingEdge/lib/mono/unityjit-win32'
Mono config path = 'C:/Program Files/Unity/Hub/Editor/2021.3.1f1/Editor/Data/MonoBleedingEdge/etc'
Using monoOptions --debugger-agent=transport=dt_socket,embedding=1,server=y,suspend=n,address=127.0.0.1:56552
Begin MonoManager ReloadAssembly
Registering precompiled unity dll's ...
Register platform support module: C:/Program Files/Unity/Hub/Editor/2021.3.1f1/Editor/Data/PlaybackEngines/WindowsStandaloneSupport/UnityEditor.WindowsStandalone.Extensions.dll
Registered in 0.007086 seconds.
Native extension for WindowsStandalone target not found
Refreshing native plugins compatible for Editor in 34.56 ms, found 2 plugins.
Preloading 0 native plugins for Editor in 0.00 ms.
Mono: successfully reloaded assembly
- Completed reload, in  0.510 seconds
Domain Reload Profiling:
	ReloadAssembly (510ms)
		BeginReloadAssembly (71ms)
			ExecutionOrderSort (0ms)
			DisableScriptedObjects (0ms)
			BackupInstance (0ms)
			ReleaseScriptingObjects (0ms)
			CreateAndSetChildDomain (1ms)
		EndReloadAssembly (338ms)
			LoadAssemblies (68ms)
			RebuildTransferFunctionScriptingTraits (0ms)
			SetupTypeCache (89ms)
			ReleaseScriptCaches (0ms)
			RebuildScriptCaches (23ms)
			SetupLoadedEditorAssemblies (184ms)
				LogAssemblyErrors (0ms)
				InitializePlatformSupportModulesInManaged (7ms)
				SetLoadedEditorAssemblies (0ms)
				RefreshPlugins (35ms)
				BeforeProcessingInitializeOnLoad (1ms)
				ProcessInitializeOnLoadAttributes (100ms)
				ProcessInitializeOnLoadMethodAttributes (41ms)
				AfterProcessingInitializeOnLoad (0ms)
				EditorAssembliesLoaded (0ms)
			ExecutionOrderSort2 (0ms)
			AwakeInstancesAfterBackupRestoration (0ms)
Platform modules already initialized, skipping
Registering precompiled user dll's ...
Registered in 0.003428 seconds.
Begin MonoManager ReloadAssembly
Symbol file LoadedFromMemory is not a mono symbol file
Native extension for WindowsStandalone target not found
Refreshing native plugins compatible for Editor in 0.66 ms, found 2 plugins.
Preloading 0 native plugins for Editor in 0.00 ms.
Package Manager log level set to [2]
Mono: successfully reloaded assembly
- Completed reload, in  0.867 seconds
Domain Reload Profiling:
	ReloadAssembly (868ms)
		BeginReloadAssembly (126ms)
			ExecutionOrderSort (0ms)
			DisableScriptedObjects (5ms)
			BackupInstance (0ms)
			ReleaseScriptingObjects (0ms)
			CreateAndSetChildDomain (39ms)
		EndReloadAssembly (638ms)
			LoadAssemblies (85ms)
			RebuildTransferFunctionScriptingTraits (0ms)
			SetupTypeCache (147ms)
			ReleaseScriptCaches (1ms)
			RebuildScriptCaches (44ms)
			SetupLoadedEditorAssemblies (337ms)
				LogAssemblyErrors (0ms)
				InitializePlatformSupportModulesInManaged (5ms)
				SetLoadedEditorAssemblies (0ms)
				RefreshPlugins (1ms)
				BeforeProcessingInitializeOnLoad (55ms)
				ProcessInitializeOnLoadAttributes (159ms)
				ProcessInitializeOnLoadMethodAttributes (110ms)
				AfterProcessingInitializeOnLoad (8ms)
				EditorAssembliesLoaded (0ms)
			ExecutionOrderSort2 (0ms)
			AwakeInstancesAfterBackupRestoration (5ms)
Platform modules already initialized, skipping
========================================================================
Worker process is ready to serve import requests
Launched and connected shader compiler UnityShaderCompiler.exe after 0.05 seconds
Refreshing native plugins compatible for Editor in 0.79 ms, found 2 plugins.
Preloading 0 native plugins for Editor in 0.00 ms.
Unloading 2271 Unused Serialized files (Serialized files now loaded: 0)
Unloading 59 unused Assets / (344.2 KB). Loaded Objects now: 2707.
Memory consumption went from 93.2 MB to 92.8 MB.
Total: 6.197600 ms (FindLiveObjects: 0.291400 ms CreateObjectMapping: 0.076400 ms MarkObjects: 5.677300 ms  DeleteObjects: 0.150800 ms)

AssetImportParameters requested are different than current active one (requested -> active):
  custom:video-decoder-ogg-theora: a1e56fd34408186e4bbccfd4996cb3dc -> 
  custom:container-muxer-webm: aa71ff27fc2769a1b78a27578f13a17b -> 
  custom:container-demuxer-webm: 4f35f7cbe854078d1ac9338744f61a02 -> 
  custom:video-encoder-webm-vp8: eb34c28f22e8b96e1ab97ce403110664 -> 
  custom:audio-encoder-webm-vorbis: bf7c407c2cedff20999df2af8eb42d56 -> 
  custom:framework-win-MediaFoundation: 216162199b28c13a410421893ffa2e32 -> 
  custom:container-demuxer-ogg: 62fdf1f143b41e24485cea50d1cbac27 -> 
  custom:video-decoder-webm-vp8: 9c59270c3fd7afecdb556c50c9e8de78 -> 
  custom:audio-decoder-ogg-vorbis: bf7c407c2cedff20999df2af8eb42d56 -> 
========================================================================
Received Import Request.
  Time since last request: 1009354.559264 seconds.
  path: Assets/Scenes/Game.unity
  artifactKey: Guid(37961ba4d27bd46428d20c2ffe403dc3) Importer(815301076,1909f56bfc062723c751e8b465ee728b)
Start importing Assets/Scenes/Game.unity using Guid(37961ba4d27bd46428d20c2ffe403dc3) Importer(815301076,1909f56bfc062723c751e8b465ee728b)  -> (artifact id: '56747c0192adbb3e58e12851557a0b02') in 0.012201 seconds 
========================================================================
Received Import Request.
  Time since last request: 1.813569 seconds.
  path: Assets/Scripts
  artifactKey: Guid(fd9c214f640fae348958e74eaea6f543) Importer(815301076,1909f56bfc062723c751e8b465ee728b)
Start importing Assets/Scripts using Guid(fd9c214f640fae348958e74eaea6f543) Importer(815301076,1909f56bfc062723c751e8b465ee728b)  -> (artifact id: '2e179231f5fae249790234d488977d21') in 0.007310 seconds 
========================================================================
Received Import Request.
  Time since last request: 24.017111 seconds.
  path: Assets/Scripts/Singletons.cs
  artifactKey: Guid(e81577749a124794da110626b7dae089) Importer(815301076,1909f56bfc062723c751e8b465ee728b)
Start importing Assets/Scripts/Singletons.cs using Guid(e81577749a124794da110626b7dae089) Importer(815301076,1909f56bfc062723c751e8b465ee728b)  -> (artifact id: '1064b8277773cc0e91cfb61a20357ca2') in 0.028404 seconds 
========================================================================
Received Import Request.
  Time since last request: 24.635937 seconds.
  path: Assets/Scripts/Receiver.cs
  artifactKey: Guid(f073c1fbf4d3430438402cd469e72eef) Importer(815301076,1909f56bfc062723c751e8b465ee728b)
Start importing Assets/Scripts/Receiver.cs using Guid(f073c1fbf4d3430438402cd469e72eef) Importer(815301076,1909f56bfc062723c751e8b465ee728b)  -> (artifact id: '8fe89be78ecdd9efc4e7d493618a992e') in 0.006361 seconds 
========================================================================
Received Import Request.
  Time since last request: 8.018672 seconds.
  path: Assets/Scripts/Sender.cs
  artifactKey: Guid(2cd2d7d73fd336f479f0fcb70ec3b464) Importer(815301076,1909f56bfc062723c751e8b465ee728b)
Start importing Assets/Scripts/Sender.cs using Guid(2cd2d7d73fd336f479f0fcb70ec3b464) Importer(815301076,1909f56bfc062723c751e8b465ee728b)  -> (artifact id: '1f58e5b1e6247501e594b5ed28b52ef6') in 0.007766 seconds 
========================================================================
Received Import Request.
  Time since last request: 5.997379 seconds.
  path: Assets/Materials
  artifactKey: Guid(e5dbc7bfeb0203344a6c08c8ed7678bc) Importer(815301076,1909f56bfc062723c751e8b465ee728b)
Start importing Assets/Materials using Guid(e5dbc7bfeb0203344a6c08c8ed7678bc) Importer(815301076,1909f56bfc062723c751e8b465ee728b)  -> (artifact id: '0051216f02a07457794b383bb443f456') in 0.006692 seconds 
========================================================================
Received Import Request.
  Time since last request: 0.032097 seconds.
  path: Assets/Materials/Blue.mat
  artifactKey: Guid(ff21ff0ea9b18924bb1fdfbb0e58f5cb) Importer(815301076,1909f56bfc062723c751e8b465ee728b)
Start importing Assets/Materials/Blue.mat using Guid(ff21ff0ea9b18924bb1fdfbb0e58f5cb) Importer(815301076,1909f56bfc062723c751e8b465ee728b)  -> (artifact id: '856964d9960a87f331996e31f9e6a5ea') in 0.246886 seconds 
========================================================================
Received Import Request.
  Time since last request: 0.004263 seconds.
  path: Assets/Materials/Red.mat
  artifactKey: Guid(463052f3f7389124f9e7b34b0b931d0d) Importer(815301076,1909f56bfc062723c751e8b465ee728b)
Start importing Assets/Materials/Red.mat using Guid(463052f3f7389124f9e7b34b0b931d0d) Importer(815301076,1909f56bfc062723c751e8b465ee728b)  -> (artifact id: '5e40a0acb2fd1fcd0ea6d834c941af73') in 0.016047 seconds 
========================================================================
Received Import Request.
  Time since last request: 0.000023 seconds.
  path: Assets/Materials/TankGreenColour.mat
  artifactKey: Guid(12c120f2400576c4f97a98bcca5529bc) Importer(815301076,1909f56bfc062723c751e8b465ee728b)
Start importing Assets/Materials/TankGreenColour.mat using Guid(12c120f2400576c4f97a98bcca5529bc) Importer(815301076,1909f56bfc062723c751e8b465ee728b)  -> (artifact id: '553d8afcf54ce62d4507804399651cd4') in 0.015217 seconds 
========================================================================
Received Import Request.
  Time since last request: 0.000025 seconds.
  path: Assets/Materials/TankGrey.mat
  artifactKey: Guid(c4c5f95d06932564c8672b4bafeb1b28) Importer(815301076,1909f56bfc062723c751e8b465ee728b)
Start importing Assets/Materials/TankGrey.mat using Guid(c4c5f95d06932564c8672b4bafeb1b28) Importer(815301076,1909f56bfc062723c751e8b465ee728b)  -> (artifact id: '40f8281d36f51bbbbd3fe1956097ecba') in 0.015142 seconds 
========================================================================
Received Import Request.
  Time since last request: 0.000020 seconds.
  path: Assets/Materials/TankLights.mat
  artifactKey: Guid(574c4e070e5dd0a40a02b979f582a836) Importer(815301076,1909f56bfc062723c751e8b465ee728b)
Start importing Assets/Materials/TankLights.mat using Guid(574c4e070e5dd0a40a02b979f582a836) Importer(815301076,1909f56bfc062723c751e8b465ee728b)  -> (artifact id: '53a70aba273b8dea44096173b07d0a00') in 0.016525 seconds 
========================================================================
Received Import Request.
  Time since last request: 0.000024 seconds.
  path: Assets/Materials/White.mat
  artifactKey: Guid(c0d660c0333c4224098a02ecd84d6232) Importer(815301076,1909f56bfc062723c751e8b465ee728b)
Start importing Assets/Materials/White.mat using Guid(c0d660c0333c4224098a02ecd84d6232) Importer(815301076,1909f56bfc062723c751e8b465ee728b)  -> (artifact id: '2143e654043d42ecb706dac0388b7938') in 0.014705 seconds 
========================================================================
Received Import Request.
  Time since last request: 0.000018 seconds.
  path: Assets/Materials/Explosion.mat
  artifactKey: Guid(87bf8b67d0a902842a3b617c1c75d6e5) Importer(815301076,1909f56bfc062723c751e8b465ee728b)
Start importing Assets/Materials/Explosion.mat using Guid(87bf8b67d0a902842a3b617c1c75d6e5) Importer(815301076,1909f56bfc062723c751e8b465ee728b)  -> (artifact id: '33d2ceab3692657eeb783c0b506f1f2a') in 0.205756 seconds 
========================================================================
Received Import Request.
  Time since last request: 0.000025 seconds.
  path: Assets/Materials/Smoke.mat
  artifactKey: Guid(d391697c7deb3a0459e0cdc4774e1631) Importer(815301076,1909f56bfc062723c751e8b465ee728b)
Start importing Assets/Materials/Smoke.mat using Guid(d391697c7deb3a0459e0cdc4774e1631) Importer(815301076,1909f56bfc062723c751e8b465ee728b)  -> (artifact id: '577fbdaad0000369285768d2ffb5ddfe') in 0.014004 seconds 
========================================================================
Received Import Request.
  Time since last request: 0.000025 seconds.
  path: Assets/Materials/Gold.mat
  artifactKey: Guid(6221f2fbc7212d94cb9c069ee262d824) Importer(815301076,1909f56bfc062723c751e8b465ee728b)
Start importing Assets/Materials/Gold.mat using Guid(6221f2fbc7212d94cb9c069ee262d824) Importer(815301076,1909f56bfc062723c751e8b465ee728b)  -> (artifact id: '48ced891aaad53dad767608bb9f21932') in 0.013757 seconds 
========================================================================
Received Import Request.
  Time since last request: 3.135698 seconds.
  path: Assets/Models/BustedTank.fbx
  artifactKey: Guid(8c6d26fe262194242becdec17209d306) Importer(815301076,1909f56bfc062723c751e8b465ee728b)
Start importing Assets/Models/BustedTank.fbx using Guid(8c6d26fe262194242becdec17209d306) Importer(815301076,1909f56bfc062723c751e8b465ee728b)  -> (artifact id: '43f2f1d1e1bf2572e888e20c2b5bc68a') in 0.158531 seconds 
========================================================================
Received Import Request.
  Time since last request: 0.000021 seconds.
  path: Assets/Models/OilStorage.fbx
  artifactKey: Guid(e307cb54b57a59342868ad47d1ed0c30) Importer(815301076,1909f56bfc062723c751e8b465ee728b)
Start importing Assets/Models/OilStorage.fbx using Guid(e307cb54b57a59342868ad47d1ed0c30) Importer(815301076,1909f56bfc062723c751e8b465ee728b)  -> (artifact id: 'fa5ecf9d0d5e5d85e5a5753c47e06124') in 0.044842 seconds 
========================================================================
Received Import Request.
  Time since last request: 0.000034 seconds.
  path: Assets/Models/Rocks03.fbx
  artifactKey: Guid(fd0d7091fe3f1d24e81321bc2e4209df) Importer(815301076,1909f56bfc062723c751e8b465ee728b)
Start importing Assets/Models/Rocks03.fbx using Guid(fd0d7091fe3f1d24e81321bc2e4209df) Importer(815301076,1909f56bfc062723c751e8b465ee728b)  -> (artifact id: 'b5da2797e5792f426513844bacff92b2') in 0.035785 seconds 
========================================================================
Received Import Request.
  Time since last request: 0.000033 seconds.
  path: Assets/Models/Dunes02.fbx
  artifactKey: Guid(38b4fea28f58d3641980a70a5188e750) Importer(815301076,1909f56bfc062723c751e8b465ee728b)
Start importing Assets/Models/Dunes02.fbx using Guid(38b4fea28f58d3641980a70a5188e750) Importer(815301076,1909f56bfc062723c751e8b465ee728b)  -> (artifact id: 'd8ef7250ee5cabae892711a2314e8535') in 0.032569 seconds 
========================================================================
Received Import Request.
  Time since last request: 0.000018 seconds.
  path: Assets/Models/Terrain.fbx
  artifactKey: Guid(126dbcddb53386c4f969fdf0c555e822) Importer(815301076,1909f56bfc062723c751e8b465ee728b)
Start importing Assets/Models/Terrain.fbx using Guid(126dbcddb53386c4f969fdf0c555e822) Importer(815301076,1909f56bfc062723c751e8b465ee728b)  -> (artifact id: 'd8885b85162b64268ba7db016ca92ade') in 0.038606 seconds 
========================================================================
Received Import Request.
  Time since last request: 0.000017 seconds.
  path: Assets/Models/Radar.fbx
  artifactKey: Guid(afd58f28713632e419efd8f302698ceb) Importer(815301076,1909f56bfc062723c751e8b465ee728b)
Start importing Assets/Models/Radar.fbx using Guid(afd58f28713632e419efd8f302698ceb) Importer(815301076,1909f56bfc062723c751e8b465ee728b)  -> (artifact id: '5d46f1552c97bf45088f6f7ec3172bdc') in 0.042973 seconds 
========================================================================
Received Import Request.
  Time since last request: 0.000023 seconds.
  path: Assets/Models/Cow.fbx
  artifactKey: Guid(961487dad48770a4d867fcbcca1e5950) Importer(815301076,1909f56bfc062723c751e8b465ee728b)
Start importing Assets/Models/Cow.fbx using Guid(961487dad48770a4d867fcbcca1e5950) Importer(815301076,1909f56bfc062723c751e8b465ee728b)  -> (artifact id: 'db64b90325c6e005a2faff222416ae27') in 0.022000 seconds 
========================================================================
Received Import Request.
  Time since last request: 0.000023 seconds.
  path: Assets/Models/Helipad.fbx
  artifactKey: Guid(614b6b69c0bbcd945bb2f83eb02a3436) Importer(815301076,1909f56bfc062723c751e8b465ee728b)
Start importing Assets/Models/Helipad.fbx using Guid(614b6b69c0bbcd945bb2f83eb02a3436) Importer(815301076,1909f56bfc062723c751e8b465ee728b)  -> (artifact id: 'a2c0cc4791170d1f8acb29c011c31474') in 0.025020 seconds 
Editor requested this worker to shutdown with reason: Scaling down because of idle timeout
AssetImportWorker is now disconnected from the server
Process exiting
Exiting without the bug reporter. Application will terminate with return code 0